<?xml version="1.0" encoding="UTF-8"?>
<testsuite name="heshan.compilertheory.parser.InputScannerTest" tests="1" skipped="0" failures="0" errors="0" timestamp="2021-01-04T05:58:09" hostname="pop-os" time="0.086">
  <properties/>
  <testcase name="canReadAllInputs()" classname="heshan.compilertheory.parser.InputScannerTest" time="0.086"/>
  <system-out><![CDATA[]]></system-out>
  <system-err><![CDATA[]]></system-err>
</testsuite>
